<?xml version="1.0" encoding="UTF-8"?>
<testsuite name="SillyTest" tests="5" skipped="0" failures="0" errors="0" timestamp="2022-09-19T06:27:18" hostname="Siddharths-MacBook-Air.local" time="0.199">
  <properties/>
  <testcase name="testTask1" classname="SillyTest" time="0.131"/>
  <testcase name="testTask2" classname="SillyTest" time="0.057"/>
  <testcase name="testTask3" classname="SillyTest" time="0.001"/>
  <testcase name="testTask4" classname="SillyTest" time="0.002"/>
  <testcase name="testTask5" classname="SillyTest" time="0.003"/>
  <system-out><![CDATA[]]></system-out>
  <system-err><![CDATA[]]></system-err>
</testsuite>
